This file contains any messages produced by compilers while
running configure, to aid debugging if configure makes a mistake.

It was created by configure, which was
generated by GNU Autoconf 2.69.  Invocation command line was

  $ ./configure 

## --------- ##
## Platform. ##
## --------- ##

hostname = darwin.wicom.su
uname -m = x86_64
uname -r = 3.11-2-amd64
uname -s = Linux
uname -v = #1 SMP Debian 3.11.10-1 (2013-12-04)

/usr/bin/uname -p = unknown
/bin/uname -X     = unknown

/bin/arch              = unknown
/usr/bin/arch -k       = unknown
/usr/convex/getsysinfo = unknown
/usr/bin/hostinfo      = unknown
/bin/machine           = unknown
/usr/bin/oslevel       = unknown
/bin/universe          = unknown

PATH: /usr/local/bin
PATH: /usr/bin
PATH: /bin
PATH: /usr/local/games
PATH: /usr/games


## ----------- ##
## Core tests. ##
## ----------- ##

configure:1922: checking for a BSD-compatible install
configure:1990: result: /usr/bin/install -c
configure:2001: checking whether build environment is sane
configure:2038: result: yes
configure:2050: checking whether make sets $(MAKE)
configure:2072: result: yes
configure:2102: checking for working aclocal-1.4
configure:2113: result: missing
configure:2117: checking for working autoconf
configure:2124: result: found
configure:2132: checking for working automake-1.4
configure:2143: result: missing
configure:2147: checking for working autoheader
configure:2154: result: found
configure:2162: checking for working makeinfo
configure:2169: result: found
configure:2232: checking for gcc
configure:2248: found /usr/bin/gcc
configure:2259: result: gcc
configure:2488: checking for C compiler version
configure:2497: gcc --version >&5
gcc (Debian 4.7.2-5) 4.7.2
Copyright (C) 2012 Free Software Foundation, Inc.
This is free software; see the source for copying conditions.  There is NO
warranty; not even for MERCHANTABILITY or FITNESS FOR A PARTICULAR PURPOSE.

configure:2508: $? = 0
configure:2497: gcc -v >&5
Using built-in specs.
COLLECT_GCC=gcc
COLLECT_LTO_WRAPPER=/usr/lib/gcc/x86_64-linux-gnu/4.7/lto-wrapper
Target: x86_64-linux-gnu
Configured with: ../src/configure -v --with-pkgversion='Debian 4.7.2-5' --with-bugurl=file:///usr/share/doc/gcc-4.7/README.Bugs --enable-languages=c,c++,go,fortran,objc,obj-c++ --prefix=/usr --program-suffix=-4.7 --enable-shared --enable-linker-build-id --with-system-zlib --libexecdir=/usr/lib --without-included-gettext --enable-threads=posix --with-gxx-include-dir=/usr/include/c++/4.7 --libdir=/usr/lib --enable-nls --with-sysroot=/ --enable-clocale=gnu --enable-libstdcxx-debug --enable-libstdcxx-time=yes --enable-gnu-unique-object --enable-plugin --enable-objc-gc --with-arch-32=i586 --with-tune=generic --enable-checking=release --build=x86_64-linux-gnu --host=x86_64-linux-gnu --target=x86_64-linux-gnu
Thread model: posix
gcc version 4.7.2 (Debian 4.7.2-5) 
configure:2508: $? = 0
configure:2497: gcc -V >&5
gcc: error: unrecognized command line option '-V'
gcc: fatal error: no input files
compilation terminated.
configure:2508: $? = 4
configure:2497: gcc -qversion >&5
gcc: error: unrecognized command line option '-qversion'
gcc: fatal error: no input files
compilation terminated.
configure:2508: $? = 4
configure:2528: checking whether the C compiler works
configure:2550: gcc    conftest.c  >&5
configure:2554: $? = 0
configure:2602: result: yes
configure:2605: checking for C compiler default output file name
configure:2607: result: a.out
configure:2613: checking for suffix of executables
configure:2620: gcc -o conftest    conftest.c  >&5
configure:2624: $? = 0
configure:2646: result: 
configure:2668: checking whether we are cross compiling
configure:2676: gcc -o conftest    conftest.c  >&5
configure:2680: $? = 0
configure:2687: ./conftest
configure:2691: $? = 0
configure:2706: result: no
configure:2711: checking for suffix of object files
configure:2733: gcc -c   conftest.c >&5
configure:2737: $? = 0
configure:2758: result: o
configure:2762: checking whether we are using the GNU C compiler
configure:2781: gcc -c   conftest.c >&5
configure:2781: $? = 0
configure:2790: result: yes
configure:2799: checking whether gcc accepts -g
configure:2819: gcc -c -g  conftest.c >&5
configure:2819: $? = 0
configure:2860: result: yes
configure:2877: checking for gcc option to accept ISO C89
configure:2940: gcc  -c -g -O2  conftest.c >&5
configure:2940: $? = 0
configure:2953: result: none needed
configure:2977: checking for gcc option to accept ANSI C
configure:3034: gcc  -c -g -O2  conftest.c >&5
configure:3034: $? = 0
configure:3044: result: none needed
configure:3055: checking for an ANSI C-conforming const
configure:3121: gcc -c -g -O2  conftest.c >&5
configure:3121: $? = 0
configure:3128: result: yes
configure:3138: checking whether make sets $(MAKE)
configure:3160: result: yes
configure:3170: checking whether to enable maintainer-specific portions of Makefiles
configure:3179: result: no
configure:3227: checking for giblib-config
configure:3245: found /usr/bin/giblib-config
configure:3258: result: /usr/bin/giblib-config
configure:3266: checking for giblib - version >= 1.2.3
configure:3324: result: yes
configure:3355: checking for getopt_long
configure:3355: gcc -o conftest -g -O2   conftest.c  -lm -lcurl -ljansson >&5
configure:3355: $? = 0
configure:3355: result: yes
configure:3364: checking for curl_version in -lcurl
configure:3389: gcc -o conftest -g -O2   conftest.c -lcurl   -lm -lcurl -ljansson >&5
configure:3389: $? = 0
configure:3398: result: yes
configure:3411: checking for json_loads in -ljansson
configure:3436: gcc -o conftest -g -O2   conftest.c -ljansson  -lcurl  -lm -lcurl -ljansson >&5
configure:3436: $? = 0
configure:3445: result: yes
configure:3575: creating ./config.status

## ---------------------- ##
## Running config.status. ##
## ---------------------- ##

This file was extended by config.status, which was
generated by GNU Autoconf 2.69.  Invocation command line was

  CONFIG_FILES    = 
  CONFIG_HEADERS  = 
  CONFIG_LINKS    = 
  CONFIG_COMMANDS = 
  $ ./config.status 

on darwin.wicom.su

config.status:820: creating Makefile
config.status:923: WARNING:  'Makefile.in' seems to ignore the --datarootdir setting
config.status:820: creating scrot.spec
config.status:820: creating src/Makefile
config.status:923: WARNING:  'src/Makefile.in' seems to ignore the --datarootdir setting
config.status:820: creating src/config.h
config.status:995: src/config.h is unchanged
config.status:1009: executing default-1 commands

## ---------------- ##
## Cache variables. ##
## ---------------- ##

ac_cv_c_compiler_gnu=yes
ac_cv_c_const=yes
ac_cv_env_CC_set=
ac_cv_env_CC_value=
ac_cv_env_CFLAGS_set=
ac_cv_env_CFLAGS_value=
ac_cv_env_CPPFLAGS_set=
ac_cv_env_CPPFLAGS_value=
ac_cv_env_LDFLAGS_set=
ac_cv_env_LDFLAGS_value=
ac_cv_env_LIBS_set=
ac_cv_env_LIBS_value=
ac_cv_env_build_alias_set=
ac_cv_env_build_alias_value=
ac_cv_env_host_alias_set=
ac_cv_env_host_alias_value=
ac_cv_env_target_alias_set=
ac_cv_env_target_alias_value=
ac_cv_func_getopt_long=yes
ac_cv_lib_curl_curl_version=yes
ac_cv_lib_jansson_json_loads=yes
ac_cv_objext=o
ac_cv_path_GIBLIB_CONFIG=/usr/bin/giblib-config
ac_cv_path_install='/usr/bin/install -c'
ac_cv_prog_ac_ct_CC=gcc
ac_cv_prog_cc_c89=
ac_cv_prog_cc_g=yes
ac_cv_prog_make_make_set=yes
am_cv_prog_cc_stdc=

## ----------------- ##
## Output variables. ##
## ----------------- ##

ACLOCAL='/home/darwin/work/projects/scrot_fork/scrot-0.8_uploadpatch/missing aclocal-1.4'
AUTOCONF='autoconf'
AUTOHEADER='autoheader'
AUTOMAKE='/home/darwin/work/projects/scrot_fork/scrot-0.8_uploadpatch/missing automake-1.4'
CC='gcc'
CFLAGS='-g -O2'
CPPFLAGS=''
DEFS='-DHAVE_CONFIG_H'
ECHO_C=''
ECHO_N='-n'
ECHO_T=''
EXEEXT=''
GIBLIB_CFLAGS='-I/usr/include/giblib'
GIBLIB_CONFIG='/usr/bin/giblib-config'
GIBLIB_LIBS='-L/usr/lib/x86_64-linux-gnu -lgiblib -Wl,-z,relro -L/usr/lib -lImlib2 -L/usr/lib/x86_64-linux-gnu -lfreetype -lz -lX11 -lXext -ldl -lm'
INSTALL_DATA='${INSTALL} -m 644'
INSTALL_PROGRAM='${INSTALL}'
INSTALL_SCRIPT='${INSTALL}'
LDFLAGS=''
LIBOBJS=''
LIBOBJS=''
LIBS='-ljansson -lcurl  -lm -lcurl -ljansson'
LTLIBOBJS=''
MAINT='#'
MAINTAINER_MODE_FALSE=''
MAINTAINER_MODE_TRUE='#'
MAKEINFO='makeinfo'
OBJEXT='o'
PACKAGE='scrot'
PACKAGE_BUGREPORT=''
PACKAGE_NAME=''
PACKAGE_STRING=''
PACKAGE_TARNAME=''
PACKAGE_URL=''
PACKAGE_VERSION=''
PATH_SEPARATOR=':'
SET_MAKE=''
SHELL='/bin/bash'
VERSION='0.8'
ac_ct_CC='gcc'
bindir='${exec_prefix}/bin'
build_alias=''
datadir='${datarootdir}'
datarootdir='${prefix}/share'
docdir='${datarootdir}/doc/${PACKAGE}'
dvidir='${docdir}'
exec_prefix='${prefix}'
host_alias=''
htmldir='${docdir}'
includedir='${prefix}/include'
infodir='${datarootdir}/info'
libdir='${exec_prefix}/lib'
libexecdir='${exec_prefix}/libexec'
localedir='${datarootdir}/locale'
localstatedir='${prefix}/var'
mandir='${datarootdir}/man'
oldincludedir='/usr/include'
pdfdir='${docdir}'
prefix='/usr/local'
program_transform_name='s,x,x,'
psdir='${docdir}'
sbindir='${exec_prefix}/sbin'
sharedstatedir='${prefix}/com'
sysconfdir='${prefix}/etc'
target_alias=''

## ----------- ##
## confdefs.h. ##
## ----------- ##

/* confdefs.h */
#define PACKAGE_NAME ""
#define PACKAGE_TARNAME ""
#define PACKAGE_VERSION ""
#define PACKAGE_STRING ""
#define PACKAGE_BUGREPORT ""
#define PACKAGE_URL ""
#define PACKAGE "scrot"
#define VERSION "0.8"
#define HAVE_LIBCURL 1
#define HAVE_LIBJANSSON 1

configure: exit 0
